<?xml version="1.0" encoding="UTF-8"?>
<!-- Generated by org.testng.reporters.JUnitReportReporter -->
<testsuite hostname="LAPTOP-T5HPURNE" failures="0" tests="3" name="testngdiscussion.MethodDiscussion" time="0.024" errors="0" timestamp="2023-06-22T15:26:02 IST" skipped="0">
  <testcase classname="testngdiscussion.MethodDiscussion" name="Dashbord" time="0.009"/>
  <system-out/>
  <testcase classname="testngdiscussion.MethodDiscussion" name="admin" time="0.008"/>
  <system-out/>
  <testcase classname="testngdiscussion.MethodDiscussion" name="login" time="0.007"/>
  <system-out>
    <![CDATA[login method]]>
  </system-out>
</testsuite> <!-- testngdiscussion.MethodDiscussion -->
