<?xml version="1.0" encoding="UTF-8"?>
<!-- Generated by org.testng.reporters.JUnitReportReporter -->
<testsuite hostname="LAPTOP-T5HPURNE" failures="0" tests="3" name="testngdiscussion.GroupingoTest" time="0.038" errors="0" timestamp="2023-12-06T22:50:50 IST" skipped="0">
  <testcase classname="testngdiscussion.GroupingoTest" name="dashbord" time="0.026"/>
  <system-out/>
  <testcase classname="testngdiscussion.GroupingoTest" name="logout" time="0.006"/>
  <system-out/>
  <testcase classname="testngdiscussion.GroupingoTest" name="login" time="0.006"/>
  <system-out/>
</testsuite> <!-- testngdiscussion.GroupingoTest -->
