<?xml version="1.0" encoding="UTF-8"?>
<!-- Generated by org.testng.reporters.JUnitReportReporter -->
<testsuite hostname="LAPTOP-T5HPURNE" failures="0" tests="1" name="testngdiscussion.Testnew" time="0.011" errors="0" timestamp="2023-05-15T14:18:33 IST" skipped="0">
  <testcase classname="testngdiscussion.Testnew" name="login" time="0.011"/>
  <system-out/>
</testsuite> <!-- testngdiscussion.Testnew -->
